#-----------------------------------------------------------
# Vivado v2018.3 (64-bit)
# SW Build 2405991 on Thu Dec  6 23:38:27 MST 2018
# IP Build 2404404 on Fri Dec  7 01:43:56 MST 2018
# Start of session at: Mon Jun  3 21:02:12 2019
# Process ID: 9560
# Current directory: C:/Users/xenia/Desktop/ALU/ALU
# Command line: vivado.exe -gui_launcher_event rodinguilauncherevent5308 C:\Users\xenia\Desktop\ALU\ALU\ALU.xpr
# Log file: C:/Users/xenia/Desktop/ALU/ALU/vivado.log
# Journal file: C:/Users/xenia/Desktop/ALU/ALU\vivado.jou
#-----------------------------------------------------------
start_gui
open_project C:/Users/xenia/Desktop/ALU/ALU/ALU.xpr
INFO: [Project 1-313] Project file moved from 'C:/Users/xenia/ALU' since last save.
Scanning sources...
Finished scanning sources
INFO: [IP_Flow 19-234] Refreshing IP repositories
INFO: [IP_Flow 19-1704] No user IP repositories specified
INFO: [IP_Flow 19-2313] Loaded Vivado IP repository 'C:/Xilinx/Vivado/2018.3/data/ip'.
open_project: Time (s): cpu = 00:00:25 ; elapsed = 00:00:13 . Memory (MB): peak = 755.602 ; gain = 148.227
update_compile_order -fileset sources_1
reset_run synth_1
launch_runs synth_1 -jobs 2
[Mon Jun  3 21:45:31 2019] Launched synth_1...
Run output will be captured here: C:/Users/xenia/Desktop/ALU/ALU/ALU.runs/synth_1/runme.log
reset_run synth_1
launch_runs synth_1 -jobs 2
[Mon Jun  3 21:46:30 2019] Launched synth_1...
Run output will be captured here: C:/Users/xenia/Desktop/ALU/ALU/ALU.runs/synth_1/runme.log
reset_run synth_1
launch_runs synth_1 -jobs 2
[Mon Jun  3 21:47:23 2019] Launched synth_1...
Run output will be captured here: C:/Users/xenia/Desktop/ALU/ALU/ALU.runs/synth_1/runme.log
reset_run synth_1
launch_runs synth_1 -jobs 2
[Mon Jun  3 21:48:46 2019] Launched synth_1...
Run output will be captured here: C:/Users/xenia/Desktop/ALU/ALU/ALU.runs/synth_1/runme.log
launch_runs impl_1 -jobs 2
[Mon Jun  3 21:49:47 2019] Launched impl_1...
Run output will be captured here: C:/Users/xenia/Desktop/ALU/ALU/ALU.runs/impl_1/runme.log
launch_runs impl_1 -to_step write_bitstream -jobs 2
[Mon Jun  3 21:51:38 2019] Launched impl_1...
Run output will be captured here: C:/Users/xenia/Desktop/ALU/ALU/ALU.runs/impl_1/runme.log
open_hw
connect_hw_server
INFO: [Labtools 27-2285] Connecting to hw_server url TCP:localhost:3121
INFO: [Labtools 27-2222] Launching hw_server...
INFO: [Labtools 27-2221] Launch Output:

****** Xilinx hw_server v2018.3
  **** Build date : Dec  7 2018-00:40:27
    ** Copyright 1986-2018 Xilinx, Inc. All Rights Reserved.


open_hw_target
INFO: [Labtoolstcl 44-466] Opening hw_target localhost:3121/xilinx_tcf/Digilent/210183A4D8E7A
open_hw_target: Time (s): cpu = 00:00:07 ; elapsed = 00:00:06 . Memory (MB): peak = 1768.727 ; gain = 918.508
set_property PROGRAM.FILE {C:/Users/xenia/Desktop/ALU/ALU/ALU.runs/impl_1/ALU_4bit.bit} [get_hw_devices xc7a35t_0]
current_hw_device [get_hw_devices xc7a35t_0]
refresh_hw_device -update_hw_probes false [lindex [get_hw_devices xc7a35t_0] 0]
INFO: [Labtools 27-1435] Device xc7a35t (JTAG device index = 0) is not programmed (DONE status = 0).
set_property PROBES.FILE {} [get_hw_devices xc7a35t_0]
set_property FULL_PROBES.FILE {} [get_hw_devices xc7a35t_0]
set_property PROGRAM.FILE {C:/Users/xenia/Desktop/ALU/ALU/ALU.runs/impl_1/ALU_4bit.bit} [get_hw_devices xc7a35t_0]
program_hw_devices [get_hw_devices xc7a35t_0]
INFO: [Labtools 27-3164] End of startup status: HIGH
refresh_hw_device [lindex [get_hw_devices xc7a35t_0] 0]
INFO: [Labtools 27-1434] Device xc7a35t (JTAG device index = 0) is programmed with a design that has no supported debug core(s) in it.
ERROR: [Labtoolstcl 44-513] HW Target shutdown. Closing target: localhost:3121/xilinx_tcf/Digilent/210183A4D8E7A
exit
INFO: [Common 17-206] Exiting Vivado at Mon Jun  3 21:54:43 2019...
