#-----------------------------------------------------------
# Vivado v2018.3 (64-bit)
# SW Build 2405991 on Thu Dec  6 23:38:27 MST 2018
# IP Build 2404404 on Fri Dec  7 01:43:56 MST 2018
# Start of session at: Mon May 27 13:16:07 2019
# Process ID: 11784
# Current directory: C:/Users/xenia/ALU
# Command line: vivado.exe -gui_launcher_event rodinguilauncherevent7688 C:\Users\xenia\ALU\ALU.xpr
# Log file: C:/Users/xenia/ALU/vivado.log
# Journal file: C:/Users/xenia/ALU\vivado.jou
#-----------------------------------------------------------
start_gui
open_project C:/Users/xenia/ALU/ALU.xpr
Scanning sources...
Finished scanning sources
INFO: [IP_Flow 19-234] Refreshing IP repositories
INFO: [IP_Flow 19-1704] No user IP repositories specified
INFO: [IP_Flow 19-2313] Loaded Vivado IP repository 'C:/Xilinx/Vivado/2018.3/data/ip'.
open_project: Time (s): cpu = 00:00:36 ; elapsed = 00:00:26 . Memory (MB): peak = 730.668 ; gain = 158.293
update_compile_order -fileset sources_1
exit
INFO: [Common 17-206] Exiting Vivado at Tue May 28 11:13:22 2019...
