
*** Running vivado
    with args -log ALU_4bit.vds -m64 -product Vivado -mode batch -messageDb vivado.pb -notrace -source ALU_4bit.tcl


****** Vivado v2018.3 (64-bit)
  **** SW Build 2405991 on Thu Dec  6 23:38:27 MST 2018
  **** IP Build 2404404 on Fri Dec  7 01:43:56 MST 2018
    ** Copyright 1986-2018 Xilinx, Inc. All Rights Reserved.

source ALU_4bit.tcl -notrace
Command: synth_design -top ALU_4bit -part xc7a35ticpg236-1L
Starting synth_design
Attempting to get a license for feature 'Synthesis' and/or device 'xc7a35ti'
INFO: [Common 17-349] Got license for feature 'Synthesis' and/or device 'xc7a35ti'
INFO: Launching helper process for spawning children vivado processes
INFO: Helper process launched with PID 13092 
---------------------------------------------------------------------------------
Starting RTL Elaboration : Time (s): cpu = 00:00:04 ; elapsed = 00:00:04 . Memory (MB): peak = 431.012 ; gain = 97.535
---------------------------------------------------------------------------------
INFO: [Synth 8-638] synthesizing module 'ALU_4bit' [C:/Users/xenia/ALU/ALU.srcs/sources_1/new/ALU_TopLevel.vhd:16]
WARNING: [Synth 8-614] signal 'Result' is read in the process but is not in the sensitivity list [C:/Users/xenia/ALU/ALU.srcs/sources_1/new/ALU_TopLevel.vhd:23]
WARNING: [Synth 8-614] signal 'ResultMul' is read in the process but is not in the sensitivity list [C:/Users/xenia/ALU/ALU.srcs/sources_1/new/ALU_TopLevel.vhd:23]
INFO: [Synth 8-256] done synthesizing module 'ALU_4bit' (1#1) [C:/Users/xenia/ALU/ALU.srcs/sources_1/new/ALU_TopLevel.vhd:16]
---------------------------------------------------------------------------------
Finished RTL Elaboration : Time (s): cpu = 00:00:05 ; elapsed = 00:00:06 . Memory (MB): peak = 487.336 ; gain = 153.859
---------------------------------------------------------------------------------

Report Check Netlist: 
+------+------------------+-------+---------+-------+------------------+
|      |Item              |Errors |Warnings |Status |Description       |
+------+------------------+-------+---------+-------+------------------+
|1     |multi_driven_nets |      0|        0|Passed |Multi driven nets |
+------+------------------+-------+---------+-------+------------------+
---------------------------------------------------------------------------------
Start Handling Custom Attributes
---------------------------------------------------------------------------------
---------------------------------------------------------------------------------
Finished Handling Custom Attributes : Time (s): cpu = 00:00:05 ; elapsed = 00:00:06 . Memory (MB): peak = 487.336 ; gain = 153.859
---------------------------------------------------------------------------------
---------------------------------------------------------------------------------
Finished RTL Optimization Phase 1 : Time (s): cpu = 00:00:05 ; elapsed = 00:00:06 . Memory (MB): peak = 487.336 ; gain = 153.859
---------------------------------------------------------------------------------
INFO: [Device 21-403] Loading part xc7a35ticpg236-1L
INFO: [Project 1-570] Preparing netlist for logic optimization

Processing XDC Constraints
Initializing timing engine
Parsing XDC File [C:/Users/xenia/ALU/Basys3_Master.xdc]
WARNING: [Vivado 12-507] No nets matched 'Change_IBUF'. [C:/Users/xenia/ALU/Basys3_Master.xdc:15]
CRITICAL WARNING: [Common 17-55] 'set_property' expects at least one object. [C:/Users/xenia/ALU/Basys3_Master.xdc:15]
Resolution: If [get_<value>] was used to populate the object, check to make sure this command returns at least one valid object.
Finished Parsing XDC File [C:/Users/xenia/ALU/Basys3_Master.xdc]
INFO: [Project 1-236] Implementation specific constraints were found while reading constraint file [C:/Users/xenia/ALU/Basys3_Master.xdc]. These constraints will be ignored for synthesis but will be used in implementation. Impacted constraints are listed in the file [.Xil/ALU_4bit_propImpl.xdc].
Resolution: To avoid this warning, move constraints listed in [.Xil/ALU_4bit_propImpl.xdc] to another XDC file and exclude this new file from synthesis with the used_in_synthesis property (File Properties dialog in GUI) and re-run elaboration/synthesis.
Netlist sorting complete. Time (s): cpu = 00:00:00 ; elapsed = 00:00:00 . Memory (MB): peak = 789.242 ; gain = 0.000
Completed Processing XDC Constraints

Netlist sorting complete. Time (s): cpu = 00:00:00 ; elapsed = 00:00:00 . Memory (MB): peak = 789.242 ; gain = 0.000
INFO: [Project 1-111] Unisim Transformation Summary:
No Unisim elements were transformed.

Netlist sorting complete. Time (s): cpu = 00:00:00 ; elapsed = 00:00:00.001 . Memory (MB): peak = 789.242 ; gain = 0.000
Constraint Validation Runtime : Time (s): cpu = 00:00:00 ; elapsed = 00:00:00.005 . Memory (MB): peak = 789.242 ; gain = 0.000
---------------------------------------------------------------------------------
Finished Constraint Validation : Time (s): cpu = 00:00:16 ; elapsed = 00:00:18 . Memory (MB): peak = 789.242 ; gain = 455.766
---------------------------------------------------------------------------------
---------------------------------------------------------------------------------
Start Loading Part and Timing Information
---------------------------------------------------------------------------------
Loading part: xc7a35ticpg236-1L
---------------------------------------------------------------------------------
Finished Loading Part and Timing Information : Time (s): cpu = 00:00:16 ; elapsed = 00:00:18 . Memory (MB): peak = 789.242 ; gain = 455.766
---------------------------------------------------------------------------------
---------------------------------------------------------------------------------
Start Applying 'set_property' XDC Constraints
---------------------------------------------------------------------------------
---------------------------------------------------------------------------------
Finished applying 'set_property' XDC Constraints : Time (s): cpu = 00:00:16 ; elapsed = 00:00:18 . Memory (MB): peak = 789.242 ; gain = 455.766
---------------------------------------------------------------------------------
INFO: [Synth 8-5818] HDL ADVISOR - The operator resource <adder> is shared. To prevent sharing consider applying a KEEP on the output of the operator [C:/Users/xenia/ALU/ALU.srcs/sources_1/new/ALU_TopLevel.vhd:47]
INFO: [Synth 8-5818] HDL ADVISOR - The operator resource <adder> is shared. To prevent sharing consider applying a KEEP on the output of the operator [C:/Users/xenia/ALU/ALU.srcs/sources_1/new/ALU_TopLevel.vhd:31]
INFO: [Synth 8-5544] ROM "ResultMul" won't be mapped to Block RAM because address size (4) smaller than threshold (5)
WARNING: [Synth 8-327] inferring latch for variable 'OUTPUT_reg' [C:/Users/xenia/ALU/ALU.srcs/sources_1/new/ALU_TopLevel.vhd:38]
WARNING: [Synth 8-327] inferring latch for variable 'Overflow_reg' [C:/Users/xenia/ALU/ALU.srcs/sources_1/new/ALU_TopLevel.vhd:27]
WARNING: [Synth 8-327] inferring latch for variable 'Negativ_reg' [C:/Users/xenia/ALU/ALU.srcs/sources_1/new/ALU_TopLevel.vhd:28]
WARNING: [Synth 8-327] inferring latch for variable 'Zero_reg' [C:/Users/xenia/ALU/ALU.srcs/sources_1/new/ALU_TopLevel.vhd:29]
WARNING: [Synth 8-327] inferring latch for variable 'Result_reg' [C:/Users/xenia/ALU/ALU.srcs/sources_1/new/ALU_TopLevel.vhd:36]
WARNING: [Synth 8-327] inferring latch for variable 'ResultMul_reg' [C:/Users/xenia/ALU/ALU.srcs/sources_1/new/ALU_TopLevel.vhd:67]
---------------------------------------------------------------------------------
Finished RTL Optimization Phase 2 : Time (s): cpu = 00:00:17 ; elapsed = 00:00:18 . Memory (MB): peak = 789.242 ; gain = 455.766
---------------------------------------------------------------------------------

Report RTL Partitions: 
+-+--------------+------------+----------+
| |RTL Partition |Replication |Instances |
+-+--------------+------------+----------+
+-+--------------+------------+----------+
---------------------------------------------------------------------------------
Start RTL Component Statistics 
---------------------------------------------------------------------------------
Detailed RTL Component Info : 
+---Adders : 
	   3 Input      5 Bit       Adders := 1     
+---Muxes : 
	   2 Input      5 Bit        Muxes := 4     
	   8 Input      5 Bit        Muxes := 3     
	   2 Input      4 Bit        Muxes := 3     
	   2 Input      1 Bit        Muxes := 5     
	   8 Input      1 Bit        Muxes := 5     
---------------------------------------------------------------------------------
Finished RTL Component Statistics 
---------------------------------------------------------------------------------
---------------------------------------------------------------------------------
Start RTL Hierarchical Component Statistics 
---------------------------------------------------------------------------------
Hierarchical RTL Component report 
Module ALU_4bit 
Detailed RTL Component Info : 
+---Adders : 
	   3 Input      5 Bit       Adders := 1     
+---Muxes : 
	   2 Input      5 Bit        Muxes := 4     
	   8 Input      5 Bit        Muxes := 3     
	   2 Input      4 Bit        Muxes := 3     
	   2 Input      1 Bit        Muxes := 5     
	   8 Input      1 Bit        Muxes := 5     
---------------------------------------------------------------------------------
Finished RTL Hierarchical Component Statistics
---------------------------------------------------------------------------------
---------------------------------------------------------------------------------
Start Part Resource Summary
---------------------------------------------------------------------------------
Part Resources:
DSPs: 90 (col length:60)
BRAMs: 100 (col length: RAMB18 60 RAMB36 30)
---------------------------------------------------------------------------------
Finished Part Resource Summary
---------------------------------------------------------------------------------
---------------------------------------------------------------------------------
Start Cross Boundary and Area Optimization
---------------------------------------------------------------------------------
Warning: Parallel synthesis criteria is not met 
---------------------------------------------------------------------------------
Finished Cross Boundary and Area Optimization : Time (s): cpu = 00:00:19 ; elapsed = 00:00:21 . Memory (MB): peak = 789.242 ; gain = 455.766
---------------------------------------------------------------------------------

Report RTL Partitions: 
+-+--------------+------------+----------+
| |RTL Partition |Replication |Instances |
+-+--------------+------------+----------+
+-+--------------+------------+----------+
---------------------------------------------------------------------------------
Start Applying XDC Timing Constraints
---------------------------------------------------------------------------------
---------------------------------------------------------------------------------
Finished Applying XDC Timing Constraints : Time (s): cpu = 00:00:31 ; elapsed = 00:00:34 . Memory (MB): peak = 805.934 ; gain = 472.457
---------------------------------------------------------------------------------
---------------------------------------------------------------------------------
Start Timing Optimization
---------------------------------------------------------------------------------
---------------------------------------------------------------------------------
Finished Timing Optimization : Time (s): cpu = 00:00:31 ; elapsed = 00:00:34 . Memory (MB): peak = 806.082 ; gain = 472.605
---------------------------------------------------------------------------------

Report RTL Partitions: 
+-+--------------+------------+----------+
| |RTL Partition |Replication |Instances |
+-+--------------+------------+----------+
+-+--------------+------------+----------+
---------------------------------------------------------------------------------
Start Technology Mapping
---------------------------------------------------------------------------------
---------------------------------------------------------------------------------
Finished Technology Mapping : Time (s): cpu = 00:00:32 ; elapsed = 00:00:34 . Memory (MB): peak = 816.195 ; gain = 482.719
---------------------------------------------------------------------------------

Report RTL Partitions: 
+-+--------------+------------+----------+
| |RTL Partition |Replication |Instances |
+-+--------------+------------+----------+
+-+--------------+------------+----------+
---------------------------------------------------------------------------------
Start IO Insertion
---------------------------------------------------------------------------------
---------------------------------------------------------------------------------
Start Flattening Before IO Insertion
---------------------------------------------------------------------------------
---------------------------------------------------------------------------------
Finished Flattening Before IO Insertion
---------------------------------------------------------------------------------
---------------------------------------------------------------------------------
Start Final Netlist Cleanup
---------------------------------------------------------------------------------
---------------------------------------------------------------------------------
Finished Final Netlist Cleanup
---------------------------------------------------------------------------------
---------------------------------------------------------------------------------
Finished IO Insertion : Time (s): cpu = 00:00:33 ; elapsed = 00:00:35 . Memory (MB): peak = 816.195 ; gain = 482.719
---------------------------------------------------------------------------------

Report Check Netlist: 
+------+------------------+-------+---------+-------+------------------+
|      |Item              |Errors |Warnings |Status |Description       |
+------+------------------+-------+---------+-------+------------------+
|1     |multi_driven_nets |      0|        0|Passed |Multi driven nets |
+------+------------------+-------+---------+-------+------------------+
---------------------------------------------------------------------------------
Start Renaming Generated Instances
---------------------------------------------------------------------------------
---------------------------------------------------------------------------------
Finished Renaming Generated Instances : Time (s): cpu = 00:00:33 ; elapsed = 00:00:35 . Memory (MB): peak = 816.195 ; gain = 482.719
---------------------------------------------------------------------------------

Report RTL Partitions: 
+-+--------------+------------+----------+
| |RTL Partition |Replication |Instances |
+-+--------------+------------+----------+
+-+--------------+------------+----------+
---------------------------------------------------------------------------------
Start Rebuilding User Hierarchy
---------------------------------------------------------------------------------
---------------------------------------------------------------------------------
Finished Rebuilding User Hierarchy : Time (s): cpu = 00:00:33 ; elapsed = 00:00:35 . Memory (MB): peak = 816.195 ; gain = 482.719
---------------------------------------------------------------------------------
---------------------------------------------------------------------------------
Start Renaming Generated Ports
---------------------------------------------------------------------------------
---------------------------------------------------------------------------------
Finished Renaming Generated Ports : Time (s): cpu = 00:00:33 ; elapsed = 00:00:35 . Memory (MB): peak = 816.195 ; gain = 482.719
---------------------------------------------------------------------------------
---------------------------------------------------------------------------------
Start Handling Custom Attributes
---------------------------------------------------------------------------------
---------------------------------------------------------------------------------
Finished Handling Custom Attributes : Time (s): cpu = 00:00:33 ; elapsed = 00:00:35 . Memory (MB): peak = 816.195 ; gain = 482.719
---------------------------------------------------------------------------------
---------------------------------------------------------------------------------
Start Renaming Generated Nets
---------------------------------------------------------------------------------
---------------------------------------------------------------------------------
Finished Renaming Generated Nets : Time (s): cpu = 00:00:33 ; elapsed = 00:00:35 . Memory (MB): peak = 816.195 ; gain = 482.719
---------------------------------------------------------------------------------
---------------------------------------------------------------------------------
Start Writing Synthesis Report
---------------------------------------------------------------------------------

Report BlackBoxes: 
+-+--------------+----------+
| |BlackBox name |Instances |
+-+--------------+----------+
+-+--------------+----------+

Report Cell Usage: 
+------+-------+------+
|      |Cell   |Count |
+------+-------+------+
|1     |BUFG   |     1|
|2     |CARRY4 |     2|
|3     |LUT2   |     7|
|4     |LUT3   |     1|
|5     |LUT4   |    13|
|6     |LUT5   |    23|
|7     |LUT6   |    36|
|8     |MUXF7  |     6|
|9     |MUXF8  |     3|
|10    |LD     |    20|
|11    |IBUF   |    13|
|12    |OBUF   |     7|
+------+-------+------+

Report Instance Areas: 
+------+---------+-------+------+
|      |Instance |Module |Cells |
+------+---------+-------+------+
|1     |top      |       |   132|
+------+---------+-------+------+
---------------------------------------------------------------------------------
Finished Writing Synthesis Report : Time (s): cpu = 00:00:33 ; elapsed = 00:00:35 . Memory (MB): peak = 816.195 ; gain = 482.719
---------------------------------------------------------------------------------
Synthesis finished with 0 errors, 0 critical warnings and 6 warnings.
Synthesis Optimization Runtime : Time (s): cpu = 00:00:20 ; elapsed = 00:00:27 . Memory (MB): peak = 816.195 ; gain = 180.813
Synthesis Optimization Complete : Time (s): cpu = 00:00:33 ; elapsed = 00:00:36 . Memory (MB): peak = 816.195 ; gain = 482.719
INFO: [Project 1-571] Translating synthesized netlist
INFO: [Netlist 29-17] Analyzing 31 Unisim elements for replacement
INFO: [Netlist 29-28] Unisim Transformation completed in 0 CPU seconds
INFO: [Project 1-570] Preparing netlist for logic optimization
INFO: [Opt 31-138] Pushed 0 inverter(s) to 0 load pin(s).
Netlist sorting complete. Time (s): cpu = 00:00:00 ; elapsed = 00:00:00 . Memory (MB): peak = 828.434 ; gain = 0.000
INFO: [Project 1-111] Unisim Transformation Summary:
  A total of 20 instances were transformed.
  LD => LDCE: 20 instances

INFO: [Common 17-83] Releasing license: Synthesis
17 Infos, 9 Warnings, 1 Critical Warnings and 0 Errors encountered.
synth_design completed successfully
synth_design: Time (s): cpu = 00:00:36 ; elapsed = 00:00:39 . Memory (MB): peak = 828.434 ; gain = 508.105
Netlist sorting complete. Time (s): cpu = 00:00:00 ; elapsed = 00:00:00 . Memory (MB): peak = 828.434 ; gain = 0.000
WARNING: [Constraints 18-5210] No constraints selected for write.
Resolution: This message can indicate that there are no constraints for the design, or it can indicate that the used_in flags are set such that the constraints are ignored. This later case is used when running synth_design to not write synthesis constraints to the resulting checkpoint. Instead, project constraints are read when the synthesized design is opened.
INFO: [Common 17-1381] The checkpoint 'C:/Users/xenia/ALU/ALU.runs/synth_1/ALU_4bit.dcp' has been generated.
INFO: [runtcl-4] Executing : report_utilization -file ALU_4bit_utilization_synth.rpt -pb ALU_4bit_utilization_synth.pb
INFO: [Common 17-206] Exiting Vivado at Tue May  7 13:34:29 2019...
